
Showing logs for build [32mdove-young-golang-http-new-mast-gk78q-2[0m stage [32mmeta-pipeline[0m and container [32mstep-credential-initializer-xcnsz[0m
{"level":"warn","ts":1569228177.2317195,"logger":"fallback-logger","caller":"logging/config.go:69","msg":"Fetch GitHub commit ID from kodata failed: \"ref: refs/heads/master\" is not a valid GitHub commit ID"}
{"level":"info","ts":1569228177.2330422,"logger":"fallback-logger","caller":"creds-init/main.go:40","msg":"Credentials initialized."}

Showing logs for build [32mdove-young-golang-http-new-mast-gk78q-2[0m stage [32mmeta-pipeline[0m and container [32mstep-working-dir-initializer-mrr6n[0m
{"level":"warn","ts":1569228177.9390495,"logger":"fallback-logger","caller":"logging/config.go:69","msg":"Fetch GitHub commit ID from kodata failed: open /var/run/ko/HEAD: no such file or directory"}
{"level":"info","ts":1569228177.9418335,"logger":"fallback-logger","caller":"bash/main.go:65","msg":"Successfully executed command \"mkdir -p /workspace/source\""}

Showing logs for build [32mdove-young-golang-http-new-mast-gk78q-2[0m stage [32mmeta-pipeline[0m and container [32mstep-place-tools[0m

Showing logs for build [32mdove-young-golang-http-new-mast-gk78q-2[0m stage [32mmeta-pipeline[0m and container [32mstep-git-source-meta-dove-young-golang-http-new-kvphx[0m
{"level":"warn","ts":1569228184.08707,"logger":"fallback-logger","caller":"logging/config.go:69","msg":"Fetch GitHub commit ID from kodata failed: \"ref: refs/heads/master\" is not a valid GitHub commit ID"}
{"level":"info","ts":1569228184.5147564,"logger":"fallback-logger","caller":"git/git.go:102","msg":"Successfully cloned https://github.com/**********/golang-http-new.git @ c9930ebeeb8b6db6cd8e15d9b317e6a8f1274fc9 in path /workspace/source"}

Showing logs for build [32mdove-young-golang-http-new-mast-gk78q-2[0m stage [32mmeta-pipeline[0m and container [32mstep-git-merge[0m
Using SHAs from PULL_REFS=master:c9930ebeeb8b6db6cd8e15d9b317e6a8f1274fc9
WARNING: no SHAs to merge, falling back to initial cloned commit

Showing logs for build [32mdove-young-golang-http-new-mast-gk78q-2[0m stage [32mmeta-pipeline[0m and container [32mstep-merge-pull-refs[0m
SKIP merge-pull-refs: Nothing to merge

Showing logs for build [32mdove-young-golang-http-new-mast-gk78q-2[0m stage [32mmeta-pipeline[0m and container [32mstep-create-effective-pipeline[0m
Deleting and cloning the Jenkins X versions repo
Cloning the Jenkins X versions repo https://github.com/**********/jenkins-x-versions.git with ref refs/heads/master to /builder/home/.**/jenkins-x-versions
Effective pipeline written to jenkins-x-effective.yml

Showing logs for build [32mdove-young-golang-http-new-mast-gk78q-2[0m stage [32mmeta-pipeline[0m and container [32mstep-create-tekton-crds[0m
running command: echo \$(**-release-version) > VERSION

running command: ** step tag --version \$(cat VERSION)
Updating chart version in charts/golang-http-new/Chart.yaml to 0.0.2
Updating repository in charts/golang-http-new/values.yaml to 9.46.76.93:5000/**/**********/golang-http-new
Updating tag in charts/golang-http-new/values.yaml to 0.0.2
Tag v0.0.2 created and pushed to remote origin

WARNING: failed to find secret kaniko-secret in namespace **: secrets "kaniko-secret" not found
PipelineActivity for **********-golang-http-new-master-2
Applying changes 
upserted PipelineResource **********-golang-http-new-mast for the git repository https://github.com/**********/golang-http-new.git
upserted Task **********-golang-http-new-mast-gk78q-from-build-pack-2
upserted Pipeline **********-golang-http-new-mast-gk78q-2
created PipelineRun **********-golang-http-new-mast-gk78q-2
created PipelineStructure **********-golang-http-new-mast-gk78q-2

Showing logs for build [32mdove-young-golang-http-new-mast-gk78q-2[0m stage [32mfrom-build-pack[0m and container [32mstep-credential-initializer-76vqs[0m
{"level":"warn","ts":1569228197.013706,"logger":"fallback-logger","caller":"logging/config.go:69","msg":"Fetch GitHub commit ID from kodata failed: \"ref: refs/heads/master\" is not a valid GitHub commit ID"}
{"level":"info","ts":1569228197.0151994,"logger":"fallback-logger","caller":"creds-init/main.go:40","msg":"Credentials initialized."}

Showing logs for build [32mdove-young-golang-http-new-mast-gk78q-2[0m stage [32mfrom-build-pack[0m and container [32mstep-working-dir-initializer-dr7kh[0m
{"level":"warn","ts":1569228197.638471,"logger":"fallback-logger","caller":"logging/config.go:69","msg":"Fetch GitHub commit ID from kodata failed: open /var/run/ko/HEAD: no such file or directory"}
{"level":"info","ts":1569228197.6430418,"logger":"fallback-logger","caller":"bash/main.go:65","msg":"Successfully executed command \"mkdir -p /workspace/source /workspace/source/charts/golang-http-new\""}

Showing logs for build [32mdove-young-golang-http-new-mast-gk78q-2[0m stage [32mfrom-build-pack[0m and container [32mstep-place-tools[0m

Showing logs for build [32mdove-young-golang-http-new-mast-gk78q-2[0m stage [32mfrom-build-pack[0m and container [32mstep-git-source-dove-young-golang-http-new-mast-5nnj2[0m
{"level":"warn","ts":1569228205.7844398,"logger":"fallback-logger","caller":"logging/config.go:69","msg":"Fetch GitHub commit ID from kodata failed: \"ref: refs/heads/master\" is not a valid GitHub commit ID"}
{"level":"info","ts":1569228206.1395607,"logger":"fallback-logger","caller":"git/git.go:102","msg":"Successfully cloned https://github.com/**********/golang-http-new.git @ v0.0.2 in path /workspace/source"}

Showing logs for build [32mdove-young-golang-http-new-mast-gk78q-2[0m stage [32mfrom-build-pack[0m and container [32mstep-git-merge[0m
Using SHAs from PULL_REFS=master:c9930ebeeb8b6db6cd8e15d9b317e6a8f1274fc9
WARNING: no SHAs to merge, falling back to initial cloned commit

Showing logs for build [32mdove-young-golang-http-new-mast-gk78q-2[0m stage [32mfrom-build-pack[0m and container [32mstep-setup-jx-git-credentials[0m
Generated Git credentials file /workspace/xdg_config/git/credentials

Showing logs for build [32mdove-young-golang-http-new-mast-gk78q-2[0m stage [32mfrom-build-pack[0m and container [32mstep-build-make-build[0m
CGO_ENABLED=0 GO15VENDOREXPERIMENT=1 go build -ldflags '' -o bin/golang-http-new main.go

Showing logs for build [32mdove-young-golang-http-new-mast-gk78q-2[0m stage [32mfrom-build-pack[0m and container [32mstep-build-container-build[0m
[36mINFO[0m[0000] No base image, nothing to extract            
[36mINFO[0m[0000] cmd: EXPOSE                                  
[36mINFO[0m[0000] Adding exposed port: 8080/tcp                
[36mINFO[0m[0000] Using files from context: [/workspace/source/bin] 
[36mINFO[0m[0000] Skipping unpacking as no commands require it. 
[36mINFO[0m[0000] Taking snapshot of full filesystem...        
[36mINFO[0m[0000] EXPOSE 8080                                  
[36mINFO[0m[0000] cmd: EXPOSE                                  
[36mINFO[0m[0000] Adding exposed port: 8080/tcp                
[36mINFO[0m[0000] No files changed in this command, skipping snapshotting. 
[36mINFO[0m[0000] ENTRYPOINT ["/golang-http-new"]              
[36mINFO[0m[0000] No files changed in this command, skipping snapshotting. 
[36mINFO[0m[0000] Using files from context: [/workspace/source/bin] 
[36mINFO[0m[0000] COPY ./bin/ /                                
[36mINFO[0m[0000] Taking snapshot of files...                  
2019/09/23 08:43:34 pushed blob: sha256:950f9ac6c657677d7c5ad6db73bbc34335f00778bc375f35bc3130342130ad03
2019/09/23 08:43:34 pushed blob: sha256:351a4a2eaf1d237748a527eece6f2b004d1b94dc927ebac6412ba99c993fcc6f
2019/09/23 08:43:34 9.46.76.93:5000/**/**********/golang-http-new:0.0.2: digest: sha256:80734913009601e7e728d359bbf5b60641ee558660e258605c13d6cada3dfe52 size: 428

Showing logs for build [32mdove-young-golang-http-new-mast-gk78q-2[0m stage [32mfrom-build-pack[0m and container [32mstep-build-post-build[0m
no CVE provider running in the current ** namespace so skip adding image to be analysed

Showing logs for build [32mdove-young-golang-http-new-mast-gk78q-2[0m stage [32mfrom-build-pack[0m and container [32mstep-promote-changelog[0m
Converted /workspace/source/charts/golang-http-new to an unshallow repository
Generating change log from git ref ad9818be942b9e8c2d38e4194dc2e138eff0a276 => a1ac40af077b8bf0a47503e81d8d59478002d40a
WARNING: No release found for **********/golang-http-new and tag v0.0.2 so creating a new release
Updated the release information at https://github.com/**********/golang-http-new/releases/tag/v0.0.2
generated: /workspace/source/charts/golang-http-new/templates/release.yaml
Created Release golang-http-new-0-0-2 resource in namespace **
Updating PipelineActivity **********-golang-http-new-master-2 with version 0.0.2
Updated PipelineActivities **********-golang-http-new-master-2 with release notes URL: https://github.com/**********/golang-http-new/releases/tag/v0.0.2

Showing logs for build [32mdove-young-golang-http-new-mast-gk78q-2[0m stage [32mfrom-build-pack[0m and container [32mstep-promote-helm-release[0m
WARNING: No $CHART_REPOSITORY defined so using the default value of: http://jenkins-x-chartmuseum:8080
Adding missing Helm repo: storage.googleapis.com https://storage.googleapis.com/chartmuseum.jenkins-x.io
Successfully added Helm repository storage.googleapis.com.
Adding missing Helm repo: jenkins-x-chartmuseum http://jenkins-x-chartmuseum:8080
Successfully added Helm repository jenkins-x-chartmuseum.
WARNING: No $CHART_REPOSITORY defined so using the default value of: http://jenkins-x-chartmuseum:8080
Uploading chart file golang-http-new-0.0.2.tgz to http://jenkins-x-chartmuseum:8080/api/charts
Received 201 response: {"saved":true}

Showing logs for build [32mdove-young-golang-http-new-mast-gk78q-2[0m stage [32mfrom-build-pack[0m and container [32mstep-promote-jx-promote[0m
WARNING: prow based install so skip waiting for the merge of Pull Requests to go green as currently there is an issue with gettingstatuses from the PR, see https://github.com/jenkins-x/**/issues/2410
Promoting app golang-http-new version 0.0.2 to namespace **-staging
Created Pull Request: https://github.com/**********/environment-goatfork-staging/pull/1
WARNING: Failed to query the Pull Request last commit status for https://github.com/**********/environment-goatfork-staging/pull/1 ref c40e153cdc6a1500937428bb879743c1455cbeec Could not find a status for repository **********/environment-goatfork-staging with ref c40e153cdc6a1500937428bb879743c1455cbeec
Pull Request https://github.com/**********/environment-goatfork-staging/pull/1 is merged at sha 5ce3291f022368cd2e690a1b0206d15d81424ee5
Pull Request merged but we are not waiting for the update pipeline to complete!
WARNING: Could not find the service URL in namespace **-staging for names golang-http-new, **-golang-http-new, **-staging-golang-http-new
